0 info it worked if it ends with ok
1 verbose cli [ '/usr/bin/nodejs',
1 verbose cli   '/usr/bin/npm',
1 verbose cli   'install',
1 verbose cli   'forever-monitor' ]
2 info using npm@3.8.3
3 info using node@v5.10.1
4 silly loadCurrentTree Starting
5 silly install loadCurrentTree
6 silly install readLocalPackageData
7 silly fetchPackageMetaData forever-monitor
8 silly fetchNamedPackageData forever-monitor
9 silly mapToRegistry name forever-monitor
10 silly mapToRegistry using default registry
11 silly mapToRegistry registry https://registry.npmjs.org/
12 silly mapToRegistry data Result {
12 silly mapToRegistry   raw: 'forever-monitor',
12 silly mapToRegistry   scope: null,
12 silly mapToRegistry   name: 'forever-monitor',
12 silly mapToRegistry   rawSpec: '',
12 silly mapToRegistry   spec: 'latest',
12 silly mapToRegistry   type: 'tag' }
13 silly mapToRegistry uri https://registry.npmjs.org/forever-monitor
14 verbose request uri https://registry.npmjs.org/forever-monitor
15 verbose request no auth needed
16 info attempt registry request try #1 at 3:23:48 PM
17 verbose request id 650478a38e30fc58
18 verbose etag "8U36QKZKBFMHB3HWOPP130255"
19 http request GET https://registry.npmjs.org/forever-monitor
20 http 304 https://registry.npmjs.org/forever-monitor
21 verbose headers { date: 'Thu, 15 Sep 2016 15:23:52 GMT',
21 verbose headers   via: '1.1 varnish',
21 verbose headers   'cache-control': 'max-age=300',
21 verbose headers   etag: '"8U36QKZKBFMHB3HWOPP130255"',
21 verbose headers   age: '112',
21 verbose headers   connection: 'keep-alive',
21 verbose headers   'x-served-by': 'cache-ams4122-AMS',
21 verbose headers   'x-cache': 'HIT',
21 verbose headers   'x-cache-hits': '1',
21 verbose headers   'x-timer': 'S1473953032.026117,VS0,VE0',
21 verbose headers   vary: 'Accept-Encoding' }
22 silly get cb [ 304,
22 silly get   { date: 'Thu, 15 Sep 2016 15:23:52 GMT',
22 silly get     via: '1.1 varnish',
22 silly get     'cache-control': 'max-age=300',
22 silly get     etag: '"8U36QKZKBFMHB3HWOPP130255"',
22 silly get     age: '112',
22 silly get     connection: 'keep-alive',
22 silly get     'x-served-by': 'cache-ams4122-AMS',
22 silly get     'x-cache': 'HIT',
22 silly get     'x-cache-hits': '1',
22 silly get     'x-timer': 'S1473953032.026117,VS0,VE0',
22 silly get     vary: 'Accept-Encoding' } ]
23 verbose etag https://registry.npmjs.org/forever-monitor from cache
24 verbose get saving forever-monitor to /home/vagrant/.npm/registry.npmjs.org/forever-monitor/.cache.json
25 verbose correctMkdir /home/vagrant/.npm correctMkdir not in flight; initializing
26 silly install normalizeTree
27 silly loadCurrentTree Finishing
28 silly loadIdealTree Starting
29 silly install loadIdealTree
30 silly cloneCurrentTree Starting
31 silly install cloneCurrentTreeToIdealTree
32 silly cloneCurrentTree Finishing
33 silly loadShrinkwrap Starting
34 silly install loadShrinkwrap
35 silly loadShrinkwrap Finishing
36 silly loadAllDepsIntoIdealTree Starting
37 silly install loadAllDepsIntoIdealTree
38 silly resolveWithNewModule forever-monitor@1.7.0 checking installable status
39 silly cache add args [ 'forever-monitor', null ]
40 verbose cache add spec forever-monitor
41 silly cache add parsed spec Result {
41 silly cache add   raw: 'forever-monitor',
41 silly cache add   scope: null,
41 silly cache add   name: 'forever-monitor',
41 silly cache add   rawSpec: '',
41 silly cache add   spec: 'latest',
41 silly cache add   type: 'tag' }
42 silly addNamed forever-monitor@latest
43 verbose addNamed "latest" is being treated as a dist-tag for forever-monitor
44 info addNameTag [ 'forever-monitor', 'latest' ]
45 silly mapToRegistry name forever-monitor
46 silly mapToRegistry using default registry
47 silly mapToRegistry registry https://registry.npmjs.org/
48 silly mapToRegistry data Result {
48 silly mapToRegistry   raw: 'forever-monitor',
48 silly mapToRegistry   scope: null,
48 silly mapToRegistry   name: 'forever-monitor',
48 silly mapToRegistry   rawSpec: '',
48 silly mapToRegistry   spec: 'latest',
48 silly mapToRegistry   type: 'tag' }
49 silly mapToRegistry uri https://registry.npmjs.org/forever-monitor
50 verbose addNameTag registry:https://registry.npmjs.org/forever-monitor not in flight; fetching
51 verbose get https://registry.npmjs.org/forever-monitor not expired, no request
52 silly addNameTag next cb for forever-monitor with tag latest
53 silly addNamed forever-monitor@1.7.0
54 verbose addNamed "1.7.0" is a plain semver version for forever-monitor
55 silly cache afterAdd forever-monitor@1.7.0
56 verbose afterAdd /home/vagrant/.npm/forever-monitor/1.7.0/package/package.json not in flight; writing
57 verbose correctMkdir /home/vagrant/.npm correctMkdir not in flight; initializing
58 verbose afterAdd /home/vagrant/.npm/forever-monitor/1.7.0/package/package.json written
59 silly fetchNamedPackageData utile
60 silly mapToRegistry name utile
61 silly mapToRegistry using default registry
62 silly mapToRegistry registry https://registry.npmjs.org/
63 silly mapToRegistry data Result {
63 silly mapToRegistry   raw: 'utile',
63 silly mapToRegistry   scope: null,
63 silly mapToRegistry   name: 'utile',
63 silly mapToRegistry   rawSpec: '',
63 silly mapToRegistry   spec: 'latest',
63 silly mapToRegistry   type: 'tag' }
64 silly mapToRegistry uri https://registry.npmjs.org/utile
65 verbose request uri https://registry.npmjs.org/utile
66 verbose request no auth needed
67 info attempt registry request try #1 at 3:23:49 PM
68 verbose etag "602ZF12U0W13D8KMFYQ9W9SM3"
69 http request GET https://registry.npmjs.org/utile
70 http 304 https://registry.npmjs.org/utile
71 verbose headers { date: 'Thu, 15 Sep 2016 15:23:52 GMT',
71 verbose headers   via: '1.1 varnish',
71 verbose headers   'cache-control': 'max-age=300',
71 verbose headers   etag: '"602ZF12U0W13D8KMFYQ9W9SM3"',
71 verbose headers   age: '95',
71 verbose headers   connection: 'keep-alive',
71 verbose headers   'x-served-by': 'cache-ams4122-AMS',
71 verbose headers   'x-cache': 'HIT',
71 verbose headers   'x-cache-hits': '1',
71 verbose headers   'x-timer': 'S1473953032.408678,VS0,VE0',
71 verbose headers   vary: 'Accept-Encoding' }
72 silly get cb [ 304,
72 silly get   { date: 'Thu, 15 Sep 2016 15:23:52 GMT',
72 silly get     via: '1.1 varnish',
72 silly get     'cache-control': 'max-age=300',
72 silly get     etag: '"602ZF12U0W13D8KMFYQ9W9SM3"',
72 silly get     age: '95',
72 silly get     connection: 'keep-alive',
72 silly get     'x-served-by': 'cache-ams4122-AMS',
72 silly get     'x-cache': 'HIT',
72 silly get     'x-cache-hits': '1',
72 silly get     'x-timer': 'S1473953032.408678,VS0,VE0',
72 silly get     vary: 'Accept-Encoding' } ]
73 verbose etag https://registry.npmjs.org/utile from cache
74 verbose get saving utile to /home/vagrant/.npm/registry.npmjs.org/utile/.cache.json
75 verbose correctMkdir /home/vagrant/.npm correctMkdir not in flight; initializing
76 silly resolveWithNewModule utile@0.2.1 checking installable status
77 silly cache add args [ 'utile@~0.2.1', null ]
78 verbose cache add spec utile@~0.2.1
79 silly cache add parsed spec Result {
79 silly cache add   raw: 'utile@~0.2.1',
79 silly cache add   scope: null,
79 silly cache add   name: 'utile',
79 silly cache add   rawSpec: '~0.2.1',
79 silly cache add   spec: '>=0.2.1 <0.3.0',
79 silly cache add   type: 'range' }
80 silly addNamed utile@>=0.2.1 <0.3.0
81 verbose addNamed ">=0.2.1 <0.3.0" is a valid semver range for utile
82 silly addNameRange { name: 'utile', range: '>=0.2.1 <0.3.0', hasData: false }
83 silly mapToRegistry name utile
84 silly mapToRegistry using default registry
85 silly mapToRegistry registry https://registry.npmjs.org/
86 silly mapToRegistry data Result {
86 silly mapToRegistry   raw: 'utile',
86 silly mapToRegistry   scope: null,
86 silly mapToRegistry   name: 'utile',
86 silly mapToRegistry   rawSpec: '',
86 silly mapToRegistry   spec: 'latest',
86 silly mapToRegistry   type: 'tag' }
87 silly mapToRegistry uri https://registry.npmjs.org/utile
88 verbose addNameRange registry:https://registry.npmjs.org/utile not in flight; fetching
89 verbose get https://registry.npmjs.org/utile not expired, no request
90 silly addNameRange number 2 { name: 'utile', range: '>=0.2.1 <0.3.0', hasData: true }
91 silly addNameRange versions [ 'utile',
91 silly addNameRange   [ '0.0.1',
91 silly addNameRange     '0.0.2',
91 silly addNameRange     '0.0.3',
91 silly addNameRange     '0.0.4',
91 silly addNameRange     '0.0.5',
91 silly addNameRange     '0.0.6',
91 silly addNameRange     '0.0.8',
91 silly addNameRange     '0.0.9',
91 silly addNameRange     '0.0.10',
91 silly addNameRange     '0.1.0',
91 silly addNameRange     '0.1.1',
91 silly addNameRange     '0.1.2',
91 silly addNameRange     '0.1.3',
91 silly addNameRange     '0.1.5',
91 silly addNameRange     '0.1.6',
91 silly addNameRange     '0.1.7',
91 silly addNameRange     '0.2.0',
91 silly addNameRange     '0.2.1',
91 silly addNameRange     '0.3.0' ] ]
92 silly addNamed utile@0.2.1
93 verbose addNamed "0.2.1" is a plain semver version for utile
94 silly cache afterAdd utile@0.2.1
95 verbose afterAdd /home/vagrant/.npm/utile/0.2.1/package/package.json not in flight; writing
96 verbose correctMkdir /home/vagrant/.npm correctMkdir not in flight; initializing
97 verbose afterAdd /home/vagrant/.npm/utile/0.2.1/package/package.json written
98 silly fetchNamedPackageData mkdirp
99 silly mapToRegistry name mkdirp
100 silly mapToRegistry using default registry
101 silly mapToRegistry registry https://registry.npmjs.org/
102 silly mapToRegistry data Result {
102 silly mapToRegistry   raw: 'mkdirp',
102 silly mapToRegistry   scope: null,
102 silly mapToRegistry   name: 'mkdirp',
102 silly mapToRegistry   rawSpec: '',
102 silly mapToRegistry   spec: 'latest',
102 silly mapToRegistry   type: 'tag' }
103 silly mapToRegistry uri https://registry.npmjs.org/mkdirp
104 verbose request uri https://registry.npmjs.org/mkdirp
105 verbose request no auth needed
106 info attempt registry request try #1 at 3:23:49 PM
107 verbose etag "3N1S6D8NJYPHB4FDPMHJEKLDB"
108 http request GET https://registry.npmjs.org/mkdirp
109 http 304 https://registry.npmjs.org/mkdirp
110 verbose headers { date: 'Thu, 15 Sep 2016 15:23:52 GMT',
110 verbose headers   via: '1.1 varnish',
110 verbose headers   'cache-control': 'max-age=300',
110 verbose headers   etag: '"3N1S6D8NJYPHB4FDPMHJEKLDB"',
110 verbose headers   age: '168',
110 verbose headers   connection: 'keep-alive',
110 verbose headers   'x-served-by': 'cache-ams4122-AMS',
110 verbose headers   'x-cache': 'HIT',
110 verbose headers   'x-cache-hits': '11',
110 verbose headers   'x-timer': 'S1473953032.577109,VS0,VE0',
110 verbose headers   vary: 'Accept-Encoding' }
111 silly get cb [ 304,
111 silly get   { date: 'Thu, 15 Sep 2016 15:23:52 GMT',
111 silly get     via: '1.1 varnish',
111 silly get     'cache-control': 'max-age=300',
111 silly get     etag: '"3N1S6D8NJYPHB4FDPMHJEKLDB"',
111 silly get     age: '168',
111 silly get     connection: 'keep-alive',
111 silly get     'x-served-by': 'cache-ams4122-AMS',
111 silly get     'x-cache': 'HIT',
111 silly get     'x-cache-hits': '11',
111 silly get     'x-timer': 'S1473953032.577109,VS0,VE0',
111 silly get     vary: 'Accept-Encoding' } ]
112 verbose etag https://registry.npmjs.org/mkdirp from cache
113 verbose get saving mkdirp to /home/vagrant/.npm/registry.npmjs.org/mkdirp/.cache.json
114 verbose correctMkdir /home/vagrant/.npm correctMkdir not in flight; initializing
115 silly resolveWithNewModule mkdirp@0.5.1 checking installable status
116 silly cache add args [ 'mkdirp@0.x.x', null ]
117 verbose cache add spec mkdirp@0.x.x
118 silly cache add parsed spec Result {
118 silly cache add   raw: 'mkdirp@0.x.x',
118 silly cache add   scope: null,
118 silly cache add   name: 'mkdirp',
118 silly cache add   rawSpec: '0.x.x',
118 silly cache add   spec: '>=0.0.0 <1.0.0',
118 silly cache add   type: 'range' }
119 silly addNamed mkdirp@>=0.0.0 <1.0.0
120 verbose addNamed ">=0.0.0 <1.0.0" is a valid semver range for mkdirp
121 silly addNameRange { name: 'mkdirp', range: '>=0.0.0 <1.0.0', hasData: false }
122 silly mapToRegistry name mkdirp
123 silly mapToRegistry using default registry
124 silly mapToRegistry registry https://registry.npmjs.org/
125 silly mapToRegistry data Result {
125 silly mapToRegistry   raw: 'mkdirp',
125 silly mapToRegistry   scope: null,
125 silly mapToRegistry   name: 'mkdirp',
125 silly mapToRegistry   rawSpec: '',
125 silly mapToRegistry   spec: 'latest',
125 silly mapToRegistry   type: 'tag' }
126 silly mapToRegistry uri https://registry.npmjs.org/mkdirp
127 verbose addNameRange registry:https://registry.npmjs.org/mkdirp not in flight; fetching
128 verbose get https://registry.npmjs.org/mkdirp not expired, no request
129 silly addNameRange number 2 { name: 'mkdirp', range: '>=0.0.0 <1.0.0', hasData: true }
130 silly addNameRange versions [ 'mkdirp',
130 silly addNameRange   [ '0.0.1',
130 silly addNameRange     '0.0.2',
130 silly addNameRange     '0.0.3',
130 silly addNameRange     '0.0.4',
130 silly addNameRange     '0.0.5',
130 silly addNameRange     '0.0.6',
130 silly addNameRange     '0.0.7',
130 silly addNameRange     '0.1.0',
130 silly addNameRange     '0.2.0',
130 silly addNameRange     '0.2.1',
130 silly addNameRange     '0.2.2',
130 silly addNameRange     '0.3.0',
130 silly addNameRange     '0.3.1',
130 silly addNameRange     '0.3.2',
130 silly addNameRange     '0.3.3',
130 silly addNameRange     '0.3.4',
130 silly addNameRange     '0.3.5',
130 silly addNameRange     '0.4.0',
130 silly addNameRange     '0.4.1',
130 silly addNameRange     '0.4.2',
130 silly addNameRange     '0.5.0',
130 silly addNameRange     '0.5.1' ] ]
131 silly addNamed mkdirp@0.5.1
132 verbose addNamed "0.5.1" is a plain semver version for mkdirp
133 silly cache afterAdd mkdirp@0.5.1
134 verbose afterAdd /home/vagrant/.npm/mkdirp/0.5.1/package/package.json not in flight; writing
135 verbose correctMkdir /home/vagrant/.npm correctMkdir not in flight; initializing
136 verbose afterAdd /home/vagrant/.npm/mkdirp/0.5.1/package/package.json written
137 silly fetchNamedPackageData minimist
138 silly mapToRegistry name minimist
139 silly mapToRegistry using default registry
140 silly mapToRegistry registry https://registry.npmjs.org/
141 silly mapToRegistry data Result {
141 silly mapToRegistry   raw: 'minimist',
141 silly mapToRegistry   scope: null,
141 silly mapToRegistry   name: 'minimist',
141 silly mapToRegistry   rawSpec: '',
141 silly mapToRegistry   spec: 'latest',
141 silly mapToRegistry   type: 'tag' }
142 silly mapToRegistry uri https://registry.npmjs.org/minimist
143 verbose request uri https://registry.npmjs.org/minimist
144 verbose request no auth needed
145 info attempt registry request try #1 at 3:23:49 PM
146 verbose etag "4341J4QE040PTGUMHDSEDMA72"
147 http request GET https://registry.npmjs.org/minimist
148 http 304 https://registry.npmjs.org/minimist
149 verbose headers { date: 'Thu, 15 Sep 2016 15:23:52 GMT',
149 verbose headers   via: '1.1 varnish',
149 verbose headers   'cache-control': 'max-age=300',
149 verbose headers   etag: '"4341J4QE040PTGUMHDSEDMA72"',
149 verbose headers   age: '288',
149 verbose headers   connection: 'keep-alive',
149 verbose headers   'x-served-by': 'cache-ams4122-AMS',
149 verbose headers   'x-cache': 'HIT',
149 verbose headers   'x-cache-hits': '17',
149 verbose headers   'x-timer': 'S1473953032.720612,VS0,VE0',
149 verbose headers   vary: 'Accept-Encoding' }
150 silly get cb [ 304,
150 silly get   { date: 'Thu, 15 Sep 2016 15:23:52 GMT',
150 silly get     via: '1.1 varnish',
150 silly get     'cache-control': 'max-age=300',
150 silly get     etag: '"4341J4QE040PTGUMHDSEDMA72"',
150 silly get     age: '288',
150 silly get     connection: 'keep-alive',
150 silly get     'x-served-by': 'cache-ams4122-AMS',
150 silly get     'x-cache': 'HIT',
150 silly get     'x-cache-hits': '17',
150 silly get     'x-timer': 'S1473953032.720612,VS0,VE0',
150 silly get     vary: 'Accept-Encoding' } ]
151 verbose etag https://registry.npmjs.org/minimist from cache
152 verbose get saving minimist to /home/vagrant/.npm/registry.npmjs.org/minimist/.cache.json
153 verbose correctMkdir /home/vagrant/.npm correctMkdir not in flight; initializing
154 silly resolveWithNewModule minimist@0.0.8 checking installable status
155 silly cache add args [ 'minimist@0.0.8', null ]
156 verbose cache add spec minimist@0.0.8
157 silly cache add parsed spec Result {
157 silly cache add   raw: 'minimist@0.0.8',
157 silly cache add   scope: null,
157 silly cache add   name: 'minimist',
157 silly cache add   rawSpec: '0.0.8',
157 silly cache add   spec: '0.0.8',
157 silly cache add   type: 'version' }
158 silly addNamed minimist@0.0.8
159 verbose addNamed "0.0.8" is a plain semver version for minimist
160 silly mapToRegistry name minimist
161 silly mapToRegistry using default registry
162 silly mapToRegistry registry https://registry.npmjs.org/
163 silly mapToRegistry data Result {
163 silly mapToRegistry   raw: 'minimist',
163 silly mapToRegistry   scope: null,
163 silly mapToRegistry   name: 'minimist',
163 silly mapToRegistry   rawSpec: '',
163 silly mapToRegistry   spec: 'latest',
163 silly mapToRegistry   type: 'tag' }
164 silly mapToRegistry uri https://registry.npmjs.org/minimist
165 verbose addNameVersion registry:https://registry.npmjs.org/minimist not in flight; fetching
166 verbose get https://registry.npmjs.org/minimist not expired, no request
167 silly cache afterAdd minimist@0.0.8
168 verbose afterAdd /home/vagrant/.npm/minimist/0.0.8/package/package.json not in flight; writing
169 verbose correctMkdir /home/vagrant/.npm correctMkdir not in flight; initializing
170 verbose afterAdd /home/vagrant/.npm/minimist/0.0.8/package/package.json written
171 silly fetchNamedPackageData fsevents
172 silly mapToRegistry name fsevents
173 silly mapToRegistry using default registry
174 silly mapToRegistry registry https://registry.npmjs.org/
175 silly mapToRegistry data Result {
175 silly mapToRegistry   raw: 'fsevents',
175 silly mapToRegistry   scope: null,
175 silly mapToRegistry   name: 'fsevents',
175 silly mapToRegistry   rawSpec: '',
175 silly mapToRegistry   spec: 'latest',
175 silly mapToRegistry   type: 'tag' }
176 silly mapToRegistry uri https://registry.npmjs.org/fsevents
177 verbose request uri https://registry.npmjs.org/fsevents
178 verbose request no auth needed
179 info attempt registry request try #1 at 3:23:49 PM
180 verbose etag "69O0UF1UA8LG7BQRJME2P5RBR"
181 http request GET https://registry.npmjs.org/fsevents
182 http 304 https://registry.npmjs.org/fsevents
183 verbose headers { date: 'Thu, 15 Sep 2016 15:23:52 GMT',
183 verbose headers   via: '1.1 varnish',
183 verbose headers   'cache-control': 'max-age=300',
183 verbose headers   etag: '"69O0UF1UA8LG7BQRJME2P5RBR"',
183 verbose headers   age: '11',
183 verbose headers   connection: 'keep-alive',
183 verbose headers   'x-served-by': 'cache-ams4122-AMS',
183 verbose headers   'x-cache': 'HIT',
183 verbose headers   'x-cache-hits': '1',
183 verbose headers   'x-timer': 'S1473953032.873197,VS0,VE0',
183 verbose headers   vary: 'Accept-Encoding' }
184 silly get cb [ 304,
184 silly get   { date: 'Thu, 15 Sep 2016 15:23:52 GMT',
184 silly get     via: '1.1 varnish',
184 silly get     'cache-control': 'max-age=300',
184 silly get     etag: '"69O0UF1UA8LG7BQRJME2P5RBR"',
184 silly get     age: '11',
184 silly get     connection: 'keep-alive',
184 silly get     'x-served-by': 'cache-ams4122-AMS',
184 silly get     'x-cache': 'HIT',
184 silly get     'x-cache-hits': '1',
184 silly get     'x-timer': 'S1473953032.873197,VS0,VE0',
184 silly get     vary: 'Accept-Encoding' } ]
185 verbose etag https://registry.npmjs.org/fsevents from cache
186 verbose get saving fsevents to /home/vagrant/.npm/registry.npmjs.org/fsevents/.cache.json
187 verbose correctMkdir /home/vagrant/.npm correctMkdir not in flight; initializing
188 silly resolveWithNewModule fsevents@1.0.14 checking installable status
189 silly loadAllDepsIntoIdealTree Finishing
190 silly idealTree:prePrune apps
190 silly idealTree:prePrune ├── accepts@1.1.4
190 silly idealTree:prePrune ├── after@0.8.1
190 silly idealTree:prePrune ├── anymatch@1.3.0
190 silly idealTree:prePrune ├── arr-diff@2.0.0
190 silly idealTree:prePrune ├── arr-flatten@1.0.1
190 silly idealTree:prePrune ├── array-unique@0.2.1
190 silly idealTree:prePrune ├── arraybuffer.slice@0.0.6
190 silly idealTree:prePrune ├── arrify@1.0.1
190 silly idealTree:prePrune ├── async-each@1.0.1
190 silly idealTree:prePrune ├── async@0.2.10
190 silly idealTree:prePrune ├── backo2@1.0.2
190 silly idealTree:prePrune ├── balanced-match@0.4.2
190 silly idealTree:prePrune ├── base64-arraybuffer@0.1.2
190 silly idealTree:prePrune ├── base64id@0.1.0
190 silly idealTree:prePrune ├── benchmark@1.0.0
190 silly idealTree:prePrune ├── better-assert@1.0.2
190 silly idealTree:prePrune ├── binary-extensions@1.6.0
190 silly idealTree:prePrune ├── blob@0.0.4
190 silly idealTree:prePrune ├── bluebird@3.4.6
190 silly idealTree:prePrune ├── brace-expansion@1.1.6
190 silly idealTree:prePrune ├── braces@1.8.5
190 silly idealTree:prePrune ├── broadway@0.3.6
190 silly idealTree:prePrune ├── buffer-shims@1.0.0
190 silly idealTree:prePrune ├── callsite@1.0.0
190 silly idealTree:prePrune ├── chokidar@1.6.0
190 silly idealTree:prePrune ├── cliff@0.1.9
190 silly idealTree:prePrune ├── cluster-key-slot@1.0.6
190 silly idealTree:prePrune ├── colors@0.6.2
190 silly idealTree:prePrune ├── component-bind@1.0.0
190 silly idealTree:prePrune ├── component-emitter@1.1.2
190 silly idealTree:prePrune ├── component-inherit@0.0.3
190 silly idealTree:prePrune ├── concat-map@0.0.1
190 silly idealTree:prePrune ├── core-util-is@1.0.2
190 silly idealTree:prePrune ├── cycle@1.0.3
190 silly idealTree:prePrune ├── debug@2.2.0
190 silly idealTree:prePrune ├── deep-equal@1.0.1
190 silly idealTree:prePrune ├── double-ended-queue@2.1.0-0
190 silly idealTree:prePrune ├─┬ engine.io-client@1.6.11
190 silly idealTree:prePrune │ └── ws@1.0.1
190 silly idealTree:prePrune ├─┬ engine.io-parser@1.2.4
190 silly idealTree:prePrune │ └── has-binary@0.1.6
190 silly idealTree:prePrune ├── engine.io@1.6.11
190 silly idealTree:prePrune ├─┬ event-stream@0.5.3
190 silly idealTree:prePrune │ └── optimist@0.2.8
190 silly idealTree:prePrune ├── eventemitter2@0.4.14
190 silly idealTree:prePrune ├── expand-brackets@0.1.5
190 silly idealTree:prePrune ├── expand-range@1.8.2
190 silly idealTree:prePrune ├── extglob@0.3.2
190 silly idealTree:prePrune ├── eyes@0.1.8
190 silly idealTree:prePrune ├── filename-regex@2.0.0
190 silly idealTree:prePrune ├── fill-range@2.2.3
190 silly idealTree:prePrune ├── flexbuffer@0.0.6
190 silly idealTree:prePrune ├── for-in@0.1.6
190 silly idealTree:prePrune ├── for-own@0.1.4
190 silly idealTree:prePrune ├── forever-monitor@1.7.0
190 silly idealTree:prePrune ├── fs.realpath@1.0.0
190 silly idealTree:prePrune ├── glob-base@0.3.0
190 silly idealTree:prePrune ├── glob-parent@2.0.0
190 silly idealTree:prePrune ├─┬ glob@7.0.6
190 silly idealTree:prePrune │ └── minimatch@3.0.3
190 silly idealTree:prePrune ├── graceful-fs@4.1.6
190 silly idealTree:prePrune ├── has-binary@0.1.7
190 silly idealTree:prePrune ├── has-cors@1.1.0
190 silly idealTree:prePrune ├── i@0.3.5
190 silly idealTree:prePrune ├── indexof@0.0.1
190 silly idealTree:prePrune ├── inflight@1.0.5
190 silly idealTree:prePrune ├── inherits@2.0.3
190 silly idealTree:prePrune ├── ini@1.3.4
190 silly idealTree:prePrune ├── ioredis@2.3.0
190 silly idealTree:prePrune ├── is-binary-path@1.0.1
190 silly idealTree:prePrune ├── is-buffer@1.1.4
190 silly idealTree:prePrune ├── is-dotfile@1.0.2
190 silly idealTree:prePrune ├── is-equal-shallow@0.1.3
190 silly idealTree:prePrune ├── is-extendable@0.1.1
190 silly idealTree:prePrune ├── is-extglob@1.0.0
190 silly idealTree:prePrune ├── is-glob@2.0.1
190 silly idealTree:prePrune ├── is-number@2.1.0
190 silly idealTree:prePrune ├── is-posix-bracket@0.1.1
190 silly idealTree:prePrune ├── is-primitive@2.0.0
190 silly idealTree:prePrune ├── isarray@0.0.1
190 silly idealTree:prePrune ├─┬ isobject@2.1.0
190 silly idealTree:prePrune │ └── isarray@1.0.0
190 silly idealTree:prePrune ├── json3@3.2.6
190 silly idealTree:prePrune ├── kind-of@3.0.4
190 silly idealTree:prePrune ├── lodash@4.15.0
190 silly idealTree:prePrune ├── micromatch@2.3.11
190 silly idealTree:prePrune ├── mime-db@1.12.0
190 silly idealTree:prePrune ├── mime-types@2.0.14
190 silly idealTree:prePrune ├── minimatch@2.0.10
190 silly idealTree:prePrune ├── minimist@0.0.10
190 silly idealTree:prePrune ├─┬ mkdirp@0.5.1
190 silly idealTree:prePrune │ └── minimist@0.0.8
190 silly idealTree:prePrune ├── ms@0.7.1
190 silly idealTree:prePrune ├─┬ nconf@0.6.9
190 silly idealTree:prePrune │ └── async@0.2.9
190 silly idealTree:prePrune ├── ncp@0.4.2
190 silly idealTree:prePrune ├── negotiator@0.4.9
190 silly idealTree:prePrune ├── normalize-path@2.0.1
190 silly idealTree:prePrune ├── object-component@0.0.3
190 silly idealTree:prePrune ├── object.omit@2.0.0
190 silly idealTree:prePrune ├── once@1.4.0
190 silly idealTree:prePrune ├── optimist@0.6.0
190 silly idealTree:prePrune ├── options@0.0.6
190 silly idealTree:prePrune ├── parse-glob@3.0.4
190 silly idealTree:prePrune ├── parsejson@0.0.1
190 silly idealTree:prePrune ├── parseqs@0.0.2
190 silly idealTree:prePrune ├── parseuri@0.0.4
190 silly idealTree:prePrune ├── path-is-absolute@1.0.0
190 silly idealTree:prePrune ├── pkginfo@0.3.1
190 silly idealTree:prePrune ├── preserve@0.2.0
190 silly idealTree:prePrune ├── process-nextick-args@1.0.7
190 silly idealTree:prePrune ├── ps-tree@0.0.3
190 silly idealTree:prePrune ├── randomatic@1.1.5
190 silly idealTree:prePrune ├─┬ readable-stream@2.1.5
190 silly idealTree:prePrune │ └── isarray@1.0.0
190 silly idealTree:prePrune ├─┬ readdirp@2.1.0
190 silly idealTree:prePrune │ └── minimatch@3.0.3
190 silly idealTree:prePrune ├── redis-commands@1.2.0
190 silly idealTree:prePrune ├── redis-parser@1.3.0
190 silly idealTree:prePrune ├── regex-cache@0.4.3
190 silly idealTree:prePrune ├── repeat-element@1.1.2
190 silly idealTree:prePrune ├── repeat-string@1.5.4
190 silly idealTree:prePrune ├── rimraf@2.5.4
190 silly idealTree:prePrune ├── set-immediate-shim@1.0.1
190 silly idealTree:prePrune ├─┬ socket.io-adapter@0.4.0
190 silly idealTree:prePrune │ └─┬ socket.io-parser@2.2.2
190 silly idealTree:prePrune │   └── debug@0.7.4
190 silly idealTree:prePrune ├─┬ socket.io-client@1.4.8
190 silly idealTree:prePrune │ └── component-emitter@1.2.0
190 silly idealTree:prePrune ├─┬ socket.io-parser@2.2.6
190 silly idealTree:prePrune │ └── json3@3.3.2
190 silly idealTree:prePrune ├── socket.io@1.4.8
190 silly idealTree:prePrune ├── stack-trace@0.0.9
190 silly idealTree:prePrune ├── string_decoder@0.10.31
190 silly idealTree:prePrune ├── to-array@0.1.4
190 silly idealTree:prePrune ├── ultron@1.0.2
190 silly idealTree:prePrune ├── utf8@2.1.0
190 silly idealTree:prePrune ├── util-deprecate@1.0.2
190 silly idealTree:prePrune ├── utile@0.2.1
190 silly idealTree:prePrune ├── winston@0.8.0
190 silly idealTree:prePrune ├── wordwrap@0.0.3
190 silly idealTree:prePrune ├── wrappy@1.0.2
190 silly idealTree:prePrune ├── ws@1.1.0
190 silly idealTree:prePrune ├── xmlhttprequest-ssl@1.5.1
190 silly idealTree:prePrune └── yeast@0.1.2
191 silly loadIdealTree Finishing
192 silly currentTree apps
192 silly currentTree ├── accepts@1.1.4
192 silly currentTree ├── after@0.8.1
192 silly currentTree ├── anymatch@1.3.0
192 silly currentTree ├── arr-diff@2.0.0
192 silly currentTree ├── arr-flatten@1.0.1
192 silly currentTree ├── array-unique@0.2.1
192 silly currentTree ├── arraybuffer.slice@0.0.6
192 silly currentTree ├── arrify@1.0.1
192 silly currentTree ├── async-each@1.0.1
192 silly currentTree ├── async@0.2.10
192 silly currentTree ├── backo2@1.0.2
192 silly currentTree ├── balanced-match@0.4.2
192 silly currentTree ├── base64-arraybuffer@0.1.2
192 silly currentTree ├── base64id@0.1.0
192 silly currentTree ├── benchmark@1.0.0
192 silly currentTree ├── better-assert@1.0.2
192 silly currentTree ├── binary-extensions@1.6.0
192 silly currentTree ├── blob@0.0.4
192 silly currentTree ├── bluebird@3.4.6
192 silly currentTree ├── brace-expansion@1.1.6
192 silly currentTree ├── braces@1.8.5
192 silly currentTree ├── broadway@0.3.6
192 silly currentTree ├── buffer-shims@1.0.0
192 silly currentTree ├── callsite@1.0.0
192 silly currentTree ├── chokidar@1.6.0
192 silly currentTree ├── cliff@0.1.9
192 silly currentTree ├── cluster-key-slot@1.0.6
192 silly currentTree ├── colors@0.6.2
192 silly currentTree ├── component-bind@1.0.0
192 silly currentTree ├── component-emitter@1.1.2
192 silly currentTree ├── component-inherit@0.0.3
192 silly currentTree ├── concat-map@0.0.1
192 silly currentTree ├── core-util-is@1.0.2
192 silly currentTree ├── cycle@1.0.3
192 silly currentTree ├── debug@2.2.0
192 silly currentTree ├── deep-equal@1.0.1
192 silly currentTree ├── double-ended-queue@2.1.0-0
192 silly currentTree ├─┬ engine.io-client@1.6.11
192 silly currentTree │ └── ws@1.0.1
192 silly currentTree ├─┬ engine.io-parser@1.2.4
192 silly currentTree │ └── has-binary@0.1.6
192 silly currentTree ├── engine.io@1.6.11
192 silly currentTree ├─┬ event-stream@0.5.3
192 silly currentTree │ └── optimist@0.2.8
192 silly currentTree ├── eventemitter2@0.4.14
192 silly currentTree ├── expand-brackets@0.1.5
192 silly currentTree ├── expand-range@1.8.2
192 silly currentTree ├── extglob@0.3.2
192 silly currentTree ├── eyes@0.1.8
192 silly currentTree ├── filename-regex@2.0.0
192 silly currentTree ├── fill-range@2.2.3
192 silly currentTree ├── flexbuffer@0.0.6
192 silly currentTree ├── for-in@0.1.6
192 silly currentTree ├── for-own@0.1.4
192 silly currentTree ├── fs.realpath@1.0.0
192 silly currentTree ├── glob-base@0.3.0
192 silly currentTree ├── glob-parent@2.0.0
192 silly currentTree ├─┬ glob@7.0.6
192 silly currentTree │ └── minimatch@3.0.3
192 silly currentTree ├── graceful-fs@4.1.6
192 silly currentTree ├── has-binary@0.1.7
192 silly currentTree ├── has-cors@1.1.0
192 silly currentTree ├── i@0.3.5
192 silly currentTree ├── indexof@0.0.1
192 silly currentTree ├── inflight@1.0.5
192 silly currentTree ├── inherits@2.0.3
192 silly currentTree ├── ini@1.3.4
192 silly currentTree ├── ioredis@2.3.0
192 silly currentTree ├── is-binary-path@1.0.1
192 silly currentTree ├── is-buffer@1.1.4
192 silly currentTree ├── is-dotfile@1.0.2
192 silly currentTree ├── is-equal-shallow@0.1.3
192 silly currentTree ├── is-extendable@0.1.1
192 silly currentTree ├── is-extglob@1.0.0
192 silly currentTree ├── is-glob@2.0.1
192 silly currentTree ├── is-number@2.1.0
192 silly currentTree ├── is-posix-bracket@0.1.1
192 silly currentTree ├── is-primitive@2.0.0
192 silly currentTree ├── isarray@0.0.1
192 silly currentTree ├─┬ isobject@2.1.0
192 silly currentTree │ └── isarray@1.0.0
192 silly currentTree ├── json3@3.2.6
192 silly currentTree ├── kind-of@3.0.4
192 silly currentTree ├── lodash@4.15.0
192 silly currentTree ├── micromatch@2.3.11
192 silly currentTree ├── mime-db@1.12.0
192 silly currentTree ├── mime-types@2.0.14
192 silly currentTree ├── minimatch@2.0.10
192 silly currentTree ├── minimist@0.0.10
192 silly currentTree ├── ms@0.7.1
192 silly currentTree ├─┬ nconf@0.6.9
192 silly currentTree │ └── async@0.2.9
192 silly currentTree ├── ncp@0.4.2
192 silly currentTree ├── negotiator@0.4.9
192 silly currentTree ├── normalize-path@2.0.1
192 silly currentTree ├── object-component@0.0.3
192 silly currentTree ├── object.omit@2.0.0
192 silly currentTree ├── once@1.4.0
192 silly currentTree ├── optimist@0.6.0
192 silly currentTree ├── options@0.0.6
192 silly currentTree ├── parse-glob@3.0.4
192 silly currentTree ├── parsejson@0.0.1
192 silly currentTree ├── parseqs@0.0.2
192 silly currentTree ├── parseuri@0.0.4
192 silly currentTree ├── path-is-absolute@1.0.0
192 silly currentTree ├── pkginfo@0.3.1
192 silly currentTree ├── preserve@0.2.0
192 silly currentTree ├── process-nextick-args@1.0.7
192 silly currentTree ├── ps-tree@0.0.3
192 silly currentTree ├── randomatic@1.1.5
192 silly currentTree ├─┬ readable-stream@2.1.5
192 silly currentTree │ └── isarray@1.0.0
192 silly currentTree ├─┬ readdirp@2.1.0
192 silly currentTree │ └── minimatch@3.0.3
192 silly currentTree ├── redis-commands@1.2.0
192 silly currentTree ├── redis-parser@1.3.0
192 silly currentTree ├── regex-cache@0.4.3
192 silly currentTree ├── repeat-element@1.1.2
192 silly currentTree ├── repeat-string@1.5.4
192 silly currentTree ├── rimraf@2.5.4
192 silly currentTree ├── set-immediate-shim@1.0.1
192 silly currentTree ├─┬ socket.io-adapter@0.4.0
192 silly currentTree │ └─┬ socket.io-parser@2.2.2
192 silly currentTree │   └── debug@0.7.4
192 silly currentTree ├─┬ socket.io-client@1.4.8
192 silly currentTree │ └── component-emitter@1.2.0
192 silly currentTree ├─┬ socket.io-parser@2.2.6
192 silly currentTree │ └── json3@3.3.2
192 silly currentTree ├── socket.io@1.4.8
192 silly currentTree ├── stack-trace@0.0.9
192 silly currentTree ├── string_decoder@0.10.31
192 silly currentTree ├── to-array@0.1.4
192 silly currentTree ├── ultron@1.0.2
192 silly currentTree ├── utf8@2.1.0
192 silly currentTree ├── util-deprecate@1.0.2
192 silly currentTree ├── winston@0.8.0
192 silly currentTree ├── wordwrap@0.0.3
192 silly currentTree ├── wrappy@1.0.2
192 silly currentTree ├── ws@1.1.0
192 silly currentTree ├── xmlhttprequest-ssl@1.5.1
192 silly currentTree └── yeast@0.1.2
193 silly idealTree apps
193 silly idealTree ├── accepts@1.1.4
193 silly idealTree ├── after@0.8.1
193 silly idealTree ├── anymatch@1.3.0
193 silly idealTree ├── arr-diff@2.0.0
193 silly idealTree ├── arr-flatten@1.0.1
193 silly idealTree ├── array-unique@0.2.1
193 silly idealTree ├── arraybuffer.slice@0.0.6
193 silly idealTree ├── arrify@1.0.1
193 silly idealTree ├── async-each@1.0.1
193 silly idealTree ├── async@0.2.10
193 silly idealTree ├── backo2@1.0.2
193 silly idealTree ├── balanced-match@0.4.2
193 silly idealTree ├── base64-arraybuffer@0.1.2
193 silly idealTree ├── base64id@0.1.0
193 silly idealTree ├── benchmark@1.0.0
193 silly idealTree ├── better-assert@1.0.2
193 silly idealTree ├── binary-extensions@1.6.0
193 silly idealTree ├── blob@0.0.4
193 silly idealTree ├── bluebird@3.4.6
193 silly idealTree ├── brace-expansion@1.1.6
193 silly idealTree ├── braces@1.8.5
193 silly idealTree ├── broadway@0.3.6
193 silly idealTree ├── buffer-shims@1.0.0
193 silly idealTree ├── callsite@1.0.0
193 silly idealTree ├── chokidar@1.6.0
193 silly idealTree ├── cliff@0.1.9
193 silly idealTree ├── cluster-key-slot@1.0.6
193 silly idealTree ├── colors@0.6.2
193 silly idealTree ├── component-bind@1.0.0
193 silly idealTree ├── component-emitter@1.1.2
193 silly idealTree ├── component-inherit@0.0.3
193 silly idealTree ├── concat-map@0.0.1
193 silly idealTree ├── core-util-is@1.0.2
193 silly idealTree ├── cycle@1.0.3
193 silly idealTree ├── debug@2.2.0
193 silly idealTree ├── deep-equal@1.0.1
193 silly idealTree ├── double-ended-queue@2.1.0-0
193 silly idealTree ├─┬ engine.io-client@1.6.11
193 silly idealTree │ └── ws@1.0.1
193 silly idealTree ├─┬ engine.io-parser@1.2.4
193 silly idealTree │ └── has-binary@0.1.6
193 silly idealTree ├── engine.io@1.6.11
193 silly idealTree ├─┬ event-stream@0.5.3
193 silly idealTree │ └── optimist@0.2.8
193 silly idealTree ├── eventemitter2@0.4.14
193 silly idealTree ├── expand-brackets@0.1.5
193 silly idealTree ├── expand-range@1.8.2
193 silly idealTree ├── extglob@0.3.2
193 silly idealTree ├── eyes@0.1.8
193 silly idealTree ├── filename-regex@2.0.0
193 silly idealTree ├── fill-range@2.2.3
193 silly idealTree ├── flexbuffer@0.0.6
193 silly idealTree ├── for-in@0.1.6
193 silly idealTree ├── for-own@0.1.4
193 silly idealTree ├── forever-monitor@1.7.0
193 silly idealTree ├── fs.realpath@1.0.0
193 silly idealTree ├── glob-base@0.3.0
193 silly idealTree ├── glob-parent@2.0.0
193 silly idealTree ├─┬ glob@7.0.6
193 silly idealTree │ └── minimatch@3.0.3
193 silly idealTree ├── graceful-fs@4.1.6
193 silly idealTree ├── has-binary@0.1.7
193 silly idealTree ├── has-cors@1.1.0
193 silly idealTree ├── i@0.3.5
193 silly idealTree ├── indexof@0.0.1
193 silly idealTree ├── inflight@1.0.5
193 silly idealTree ├── inherits@2.0.3
193 silly idealTree ├── ini@1.3.4
193 silly idealTree ├── ioredis@2.3.0
193 silly idealTree ├── is-binary-path@1.0.1
193 silly idealTree ├── is-buffer@1.1.4
193 silly idealTree ├── is-dotfile@1.0.2
193 silly idealTree ├── is-equal-shallow@0.1.3
193 silly idealTree ├── is-extendable@0.1.1
193 silly idealTree ├── is-extglob@1.0.0
193 silly idealTree ├── is-glob@2.0.1
193 silly idealTree ├── is-number@2.1.0
193 silly idealTree ├── is-posix-bracket@0.1.1
193 silly idealTree ├── is-primitive@2.0.0
193 silly idealTree ├── isarray@0.0.1
193 silly idealTree ├─┬ isobject@2.1.0
193 silly idealTree │ └── isarray@1.0.0
193 silly idealTree ├── json3@3.2.6
193 silly idealTree ├── kind-of@3.0.4
193 silly idealTree ├── lodash@4.15.0
193 silly idealTree ├── micromatch@2.3.11
193 silly idealTree ├── mime-db@1.12.0
193 silly idealTree ├── mime-types@2.0.14
193 silly idealTree ├── minimatch@2.0.10
193 silly idealTree ├── minimist@0.0.10
193 silly idealTree ├─┬ mkdirp@0.5.1
193 silly idealTree │ └── minimist@0.0.8
193 silly idealTree ├── ms@0.7.1
193 silly idealTree ├─┬ nconf@0.6.9
193 silly idealTree │ └── async@0.2.9
193 silly idealTree ├── ncp@0.4.2
193 silly idealTree ├── negotiator@0.4.9
193 silly idealTree ├── normalize-path@2.0.1
193 silly idealTree ├── object-component@0.0.3
193 silly idealTree ├── object.omit@2.0.0
193 silly idealTree ├── once@1.4.0
193 silly idealTree ├── optimist@0.6.0
193 silly idealTree ├── options@0.0.6
193 silly idealTree ├── parse-glob@3.0.4
193 silly idealTree ├── parsejson@0.0.1
193 silly idealTree ├── parseqs@0.0.2
193 silly idealTree ├── parseuri@0.0.4
193 silly idealTree ├── path-is-absolute@1.0.0
193 silly idealTree ├── pkginfo@0.3.1
193 silly idealTree ├── preserve@0.2.0
193 silly idealTree ├── process-nextick-args@1.0.7
193 silly idealTree ├── ps-tree@0.0.3
193 silly idealTree ├── randomatic@1.1.5
193 silly idealTree ├─┬ readable-stream@2.1.5
193 silly idealTree │ └── isarray@1.0.0
193 silly idealTree ├─┬ readdirp@2.1.0
193 silly idealTree │ └── minimatch@3.0.3
193 silly idealTree ├── redis-commands@1.2.0
193 silly idealTree ├── redis-parser@1.3.0
193 silly idealTree ├── regex-cache@0.4.3
193 silly idealTree ├── repeat-element@1.1.2
193 silly idealTree ├── repeat-string@1.5.4
193 silly idealTree ├── rimraf@2.5.4
193 silly idealTree ├── set-immediate-shim@1.0.1
193 silly idealTree ├─┬ socket.io-adapter@0.4.0
193 silly idealTree │ └─┬ socket.io-parser@2.2.2
193 silly idealTree │   └── debug@0.7.4
193 silly idealTree ├─┬ socket.io-client@1.4.8
193 silly idealTree │ └── component-emitter@1.2.0
193 silly idealTree ├─┬ socket.io-parser@2.2.6
193 silly idealTree │ └── json3@3.3.2
193 silly idealTree ├── socket.io@1.4.8
193 silly idealTree ├── stack-trace@0.0.9
193 silly idealTree ├── string_decoder@0.10.31
193 silly idealTree ├── to-array@0.1.4
193 silly idealTree ├── ultron@1.0.2
193 silly idealTree ├── utf8@2.1.0
193 silly idealTree ├── util-deprecate@1.0.2
193 silly idealTree ├── utile@0.2.1
193 silly idealTree ├── winston@0.8.0
193 silly idealTree ├── wordwrap@0.0.3
193 silly idealTree ├── wrappy@1.0.2
193 silly idealTree ├── ws@1.1.0
193 silly idealTree ├── xmlhttprequest-ssl@1.5.1
193 silly idealTree └── yeast@0.1.2
194 silly generateActionsToTake Starting
195 silly install generateActionsToTake
196 silly generateActionsToTake Finishing
197 silly diffTrees action count 4
198 silly diffTrees add minimist@0.0.8
199 silly diffTrees add mkdirp@0.5.1
200 silly diffTrees add utile@0.2.1
201 silly diffTrees add forever-monitor@1.7.0
202 silly decomposeActions action count 32
203 silly decomposeActions fetch minimist@0.0.8
204 silly decomposeActions extract minimist@0.0.8
205 silly decomposeActions test minimist@0.0.8
206 silly decomposeActions preinstall minimist@0.0.8
207 silly decomposeActions build minimist@0.0.8
208 silly decomposeActions install minimist@0.0.8
209 silly decomposeActions postinstall minimist@0.0.8
210 silly decomposeActions finalize minimist@0.0.8
211 silly decomposeActions fetch mkdirp@0.5.1
212 silly decomposeActions extract mkdirp@0.5.1
213 silly decomposeActions test mkdirp@0.5.1
214 silly decomposeActions preinstall mkdirp@0.5.1
215 silly decomposeActions build mkdirp@0.5.1
216 silly decomposeActions install mkdirp@0.5.1
217 silly decomposeActions postinstall mkdirp@0.5.1
218 silly decomposeActions finalize mkdirp@0.5.1
219 silly decomposeActions fetch utile@0.2.1
220 silly decomposeActions extract utile@0.2.1
221 silly decomposeActions test utile@0.2.1
222 silly decomposeActions preinstall utile@0.2.1
223 silly decomposeActions build utile@0.2.1
224 silly decomposeActions install utile@0.2.1
225 silly decomposeActions postinstall utile@0.2.1
226 silly decomposeActions finalize utile@0.2.1
227 silly decomposeActions fetch forever-monitor@1.7.0
228 silly decomposeActions extract forever-monitor@1.7.0
229 silly decomposeActions test forever-monitor@1.7.0
230 silly decomposeActions preinstall forever-monitor@1.7.0
231 silly decomposeActions build forever-monitor@1.7.0
232 silly decomposeActions install forever-monitor@1.7.0
233 silly decomposeActions postinstall forever-monitor@1.7.0
234 silly decomposeActions finalize forever-monitor@1.7.0
235 silly executeActions Starting
236 silly install executeActions
237 silly doSerial global-install 0
238 silly doParallel fetch 4
239 verbose correctMkdir /home/vagrant/.npm/_locks correctMkdir not in flight; initializing
240 verbose lock using /home/vagrant/.npm/_locks/staging-f7a056ec149ffb83.lock for /home/vagrant/projects/apps/node_modules/.staging
241 silly doParallel extract 4
242 silly extract minimist@0.0.8
243 silly extract mkdirp@0.5.1
244 silly extract utile@0.2.1
245 silly extract forever-monitor@1.7.0
246 verbose unbuild node_modules/.staging/minimist-1b0f21bf
247 verbose unbuild node_modules/.staging/utile-8c2047ba
248 verbose unbuild node_modules/.staging/forever-monitor-74f52a38
249 verbose unbuild node_modules/.staging/mkdirp-10f850ae
250 silly gentlyRm /home/vagrant/projects/apps/node_modules/.staging/minimist-1b0f21bf is being purged from base /home/vagrant/projects/apps
251 verbose gentlyRm don't care about contents; nuking /home/vagrant/projects/apps/node_modules/.staging/minimist-1b0f21bf
252 silly gentlyRm /home/vagrant/projects/apps/node_modules/.staging/utile-8c2047ba is being purged from base /home/vagrant/projects/apps
253 verbose gentlyRm don't care about contents; nuking /home/vagrant/projects/apps/node_modules/.staging/utile-8c2047ba
254 silly gentlyRm /home/vagrant/projects/apps/node_modules/.staging/forever-monitor-74f52a38 is being purged from base /home/vagrant/projects/apps
255 verbose gentlyRm don't care about contents; nuking /home/vagrant/projects/apps/node_modules/.staging/forever-monitor-74f52a38
256 verbose tar unpack /home/vagrant/.npm/minimist/0.0.8/package.tgz
257 verbose tar unpacking to /home/vagrant/projects/apps/node_modules/.staging/minimist-1b0f21bf
258 silly gentlyRm /home/vagrant/projects/apps/node_modules/.staging/minimist-1b0f21bf is being purged
259 verbose gentlyRm don't care about contents; nuking /home/vagrant/projects/apps/node_modules/.staging/minimist-1b0f21bf
260 silly gentlyRm /home/vagrant/projects/apps/node_modules/.staging/mkdirp-10f850ae is being purged from base /home/vagrant/projects/apps
261 verbose gentlyRm don't care about contents; nuking /home/vagrant/projects/apps/node_modules/.staging/mkdirp-10f850ae
262 verbose tar unpack /home/vagrant/.npm/utile/0.2.1/package.tgz
263 verbose tar unpacking to /home/vagrant/projects/apps/node_modules/.staging/utile-8c2047ba
264 silly gentlyRm /home/vagrant/projects/apps/node_modules/.staging/utile-8c2047ba is being purged
265 verbose gentlyRm don't care about contents; nuking /home/vagrant/projects/apps/node_modules/.staging/utile-8c2047ba
266 verbose tar unpack /home/vagrant/.npm/forever-monitor/1.7.0/package.tgz
267 verbose tar unpacking to /home/vagrant/projects/apps/node_modules/.staging/forever-monitor-74f52a38
268 silly gentlyRm /home/vagrant/projects/apps/node_modules/.staging/forever-monitor-74f52a38 is being purged
269 verbose gentlyRm don't care about contents; nuking /home/vagrant/projects/apps/node_modules/.staging/forever-monitor-74f52a38
270 verbose tar unpack /home/vagrant/.npm/mkdirp/0.5.1/package.tgz
271 verbose tar unpacking to /home/vagrant/projects/apps/node_modules/.staging/mkdirp-10f850ae
272 silly gentlyRm /home/vagrant/projects/apps/node_modules/.staging/mkdirp-10f850ae is being purged
273 verbose gentlyRm don't care about contents; nuking /home/vagrant/projects/apps/node_modules/.staging/mkdirp-10f850ae
274 silly gunzTarPerm modes [ '775', '664' ]
275 silly gunzTarPerm modes [ '775', '664' ]
276 silly gunzTarPerm modes [ '775', '664' ]
277 silly gunzTarPerm modes [ '775', '664' ]
278 silly gunzTarPerm extractEntry package.json
279 silly gunzTarPerm modified mode [ 'package.json', 420, 436 ]
280 silly gunzTarPerm extractEntry package.json
281 silly gunzTarPerm modified mode [ 'package.json', 420, 436 ]
282 silly gunzTarPerm extractEntry package.json
283 silly gunzTarPerm modified mode [ 'package.json', 420, 436 ]
284 silly gunzTarPerm extractEntry package.json
285 silly gunzTarPerm modified mode [ 'package.json', 420, 436 ]
286 silly gunzTarPerm extractEntry .npmignore
287 silly gunzTarPerm modified mode [ '.npmignore', 420, 436 ]
288 silly gunzTarPerm extractEntry README.md
289 silly gunzTarPerm modified mode [ 'README.md', 420, 436 ]
290 silly gunzTarPerm extractEntry .npmignore
291 silly gunzTarPerm modified mode [ '.npmignore', 420, 436 ]
292 silly gunzTarPerm extractEntry README.md
293 silly gunzTarPerm modified mode [ 'README.md', 420, 436 ]
294 silly gunzTarPerm extractEntry LICENSE
295 silly gunzTarPerm modified mode [ 'LICENSE', 420, 436 ]
296 silly gunzTarPerm extractEntry index.js
297 silly gunzTarPerm modified mode [ 'index.js', 420, 436 ]
298 silly gunzTarPerm extractEntry LICENSE
299 silly gunzTarPerm modified mode [ 'LICENSE', 420, 436 ]
300 silly gunzTarPerm extractEntry index.js
301 silly gunzTarPerm modified mode [ 'index.js', 420, 436 ]
302 silly gunzTarPerm extractEntry LICENSE
303 silly gunzTarPerm modified mode [ 'LICENSE', 420, 436 ]
304 silly gunzTarPerm extractEntry LICENSE
305 silly gunzTarPerm modified mode [ 'LICENSE', 420, 436 ]
306 silly gunzTarPerm extractEntry .travis.yml
307 silly gunzTarPerm modified mode [ '.travis.yml', 420, 436 ]
308 silly gunzTarPerm extractEntry .travis.yml
309 silly gunzTarPerm modified mode [ '.travis.yml', 420, 436 ]
310 silly gunzTarPerm extractEntry bin/cmd.js
311 silly gunzTarPerm modified mode [ 'bin/cmd.js', 493, 509 ]
312 silly gunzTarPerm extractEntry .travis.yml
313 silly gunzTarPerm modified mode [ '.travis.yml', 420, 436 ]
314 silly gunzTarPerm extractEntry example/parse.js
315 silly gunzTarPerm modified mode [ 'example/parse.js', 420, 436 ]
316 silly gunzTarPerm extractEntry .travis.yml
317 silly gunzTarPerm modified mode [ '.travis.yml', 420, 436 ]
318 silly gunzTarPerm extractEntry examples/all-env-vars.js
319 silly gunzTarPerm modified mode [ 'examples/all-env-vars.js', 420, 436 ]
320 silly gunzTarPerm extractEntry CHANGELOG.md
321 silly gunzTarPerm modified mode [ 'CHANGELOG.md', 420, 436 ]
322 silly gunzTarPerm extractEntry lib/args.js
323 silly gunzTarPerm modified mode [ 'lib/args.js', 420, 436 ]
324 silly gunzTarPerm extractEntry bin/usage.txt
325 silly gunzTarPerm modified mode [ 'bin/usage.txt', 420, 436 ]
326 silly gunzTarPerm extractEntry examples/pow.js
327 silly gunzTarPerm modified mode [ 'examples/pow.js', 420, 436 ]
328 silly gunzTarPerm extractEntry readme.markdown
329 silly gunzTarPerm modified mode [ 'readme.markdown', 420, 436 ]
330 silly gunzTarPerm extractEntry test/dash.js
331 silly gunzTarPerm modified mode [ 'test/dash.js', 420, 436 ]
332 silly gunzTarPerm extractEntry examples/custom-cwd.js
333 silly gunzTarPerm modified mode [ 'examples/custom-cwd.js', 420, 436 ]
334 silly gunzTarPerm extractEntry examples/env-server.js
335 silly gunzTarPerm modified mode [ 'examples/env-server.js', 420, 436 ]
336 silly gunzTarPerm extractEntry lib/base64.js
337 silly gunzTarPerm modified mode [ 'lib/base64.js', 420, 436 ]
338 silly gunzTarPerm extractEntry lib/file.js
339 silly gunzTarPerm modified mode [ 'lib/file.js', 420, 436 ]
340 silly gunzTarPerm extractEntry readme.markdown
341 silly gunzTarPerm modified mode [ 'readme.markdown', 420, 436 ]
342 silly gunzTarPerm extractEntry test/chmod.js
343 silly gunzTarPerm modified mode [ 'test/chmod.js', 420, 436 ]
344 silly gunzTarPerm extractEntry test/default_bool.js
345 silly gunzTarPerm modified mode [ 'test/default_bool.js', 420, 436 ]
346 silly gunzTarPerm extractEntry test/dotted.js
347 silly gunzTarPerm modified mode [ 'test/dotted.js', 420, 436 ]
348 silly gunzTarPerm extractEntry test/long.js
349 silly gunzTarPerm modified mode [ 'test/long.js', 420, 436 ]
350 silly gunzTarPerm extractEntry test/parse.js
351 silly gunzTarPerm modified mode [ 'test/parse.js', 420, 436 ]
352 silly gunzTarPerm extractEntry test/parse_modified.js
353 silly gunzTarPerm modified mode [ 'test/parse_modified.js', 420, 436 ]
354 silly gunzTarPerm extractEntry test/short.js
355 silly gunzTarPerm modified mode [ 'test/short.js', 420, 436 ]
356 silly gunzTarPerm extractEntry test/whitespace.js
357 silly gunzTarPerm modified mode [ 'test/whitespace.js', 420, 436 ]
358 silly gunzTarPerm extractEntry lib/format.js
359 silly gunzTarPerm modified mode [ 'lib/format.js', 420, 436 ]
360 silly gunzTarPerm extractEntry examples/env-vars.js
361 silly gunzTarPerm modified mode [ 'examples/env-vars.js', 420, 436 ]
362 silly gunzTarPerm extractEntry examples/count-timer.js
363 silly gunzTarPerm modified mode [ 'examples/count-timer.js', 420, 436 ]
364 silly gunzTarPerm extractEntry test/opts_fs_sync.js
365 silly gunzTarPerm modified mode [ 'test/opts_fs_sync.js', 420, 436 ]
366 silly gunzTarPerm extractEntry lib/index.js
367 silly gunzTarPerm modified mode [ 'lib/index.js', 420, 436 ]
368 silly gunzTarPerm extractEntry test/file-test.js
369 silly gunzTarPerm modified mode [ 'test/file-test.js', 420, 436 ]
370 silly gunzTarPerm extractEntry examples/always-throw.js
371 silly gunzTarPerm modified mode [ 'examples/always-throw.js', 420, 436 ]
372 silly gunzTarPerm extractEntry examples/list-multiple.js
373 silly gunzTarPerm modified mode [ 'examples/list-multiple.js', 420, 436 ]
374 silly gunzTarPerm extractEntry test/perm.js
375 silly gunzTarPerm modified mode [ 'test/perm.js', 420, 436 ]
376 silly gunzTarPerm extractEntry test/perm_sync.js
377 silly gunzTarPerm modified mode [ 'test/perm_sync.js', 420, 436 ]
378 silly gunzTarPerm extractEntry test/format-test.js
379 silly gunzTarPerm modified mode [ 'test/format-test.js', 420, 436 ]
380 silly gunzTarPerm extractEntry test/function-args-test.js
381 silly gunzTarPerm modified mode [ 'test/function-args-test.js', 420, 436 ]
382 silly gunzTarPerm extractEntry examples/log-on-interval.js
383 silly gunzTarPerm modified mode [ 'examples/log-on-interval.js', 420, 436 ]
384 silly gunzTarPerm extractEntry examples/multiple-processes.js
385 silly gunzTarPerm modified mode [ 'examples/multiple-processes.js', 420, 436 ]
386 silly gunzTarPerm extractEntry test/opts_fs.js
387 silly gunzTarPerm modified mode [ 'test/opts_fs.js', 420, 436 ]
388 silly gunzTarPerm extractEntry test/rel.js
389 silly gunzTarPerm modified mode [ 'test/rel.js', 420, 436 ]
390 silly gunzTarPerm extractEntry test/random-string-test.js
391 silly gunzTarPerm modified mode [ 'test/random-string-test.js', 420, 436 ]
392 silly gunzTarPerm extractEntry test/require-directory-test.js
393 silly gunzTarPerm modified mode [ 'test/require-directory-test.js', 420, 436 ]
394 silly gunzTarPerm extractEntry examples/process-send.js
395 silly gunzTarPerm modified mode [ 'examples/process-send.js', 420, 436 ]
396 silly gunzTarPerm extractEntry examples/signal-ignore.js
397 silly gunzTarPerm modified mode [ 'examples/signal-ignore.js', 420, 436 ]
398 silly gunzTarPerm extractEntry test/return.js
399 silly gunzTarPerm modified mode [ 'test/return.js', 420, 436 ]
400 silly gunzTarPerm extractEntry test/return_sync.js
401 silly gunzTarPerm modified mode [ 'test/return_sync.js', 420, 436 ]
402 silly gunzTarPerm extractEntry test/utile-test.js
403 silly gunzTarPerm modified mode [ 'test/utile-test.js', 420, 436 ]
404 silly gunzTarPerm extractEntry test/fixtures/read-json-file/config.json
405 silly gunzTarPerm modified mode [ 'test/fixtures/read-json-file/config.json', 420, 436 ]
406 silly gunzTarPerm extractEntry examples/server.js
407 silly gunzTarPerm modified mode [ 'examples/server.js', 420, 436 ]
408 silly gunzTarPerm extractEntry examples/error-on-timer.js
409 silly gunzTarPerm modified mode [ 'examples/error-on-timer.js', 420, 436 ]
410 silly gunzTarPerm extractEntry test/root.js
411 silly gunzTarPerm modified mode [ 'test/root.js', 420, 436 ]
412 silly gunzTarPerm extractEntry test/sync.js
413 silly gunzTarPerm modified mode [ 'test/sync.js', 420, 436 ]
414 silly gunzTarPerm extractEntry test/fixtures/require-directory/helloWorld.js
415 silly gunzTarPerm modified mode [ 'test/fixtures/require-directory/helloWorld.js', 420, 436 ]
416 silly gunzTarPerm extractEntry test/fixtures/require-directory/directory/index.js
417 silly gunzTarPerm modified mode [ 'test/fixtures/require-directory/directory/index.js',
417 silly gunzTarPerm   420,
417 silly gunzTarPerm   436 ]
418 silly gunzTarPerm extractEntry examples/spawn-and-error.js
419 silly gunzTarPerm modified mode [ 'examples/spawn-and-error.js', 420, 436 ]
420 silly gunzTarPerm extractEntry examples/graceful-exit.js
421 silly gunzTarPerm modified mode [ 'examples/graceful-exit.js', 420, 436 ]
422 silly gunzTarPerm extractEntry test/mkdirp.js
423 silly gunzTarPerm modified mode [ 'test/mkdirp.js', 420, 436 ]
424 silly gunzTarPerm extractEntry test/umask.js
425 silly gunzTarPerm modified mode [ 'test/umask.js', 420, 436 ]
426 silly gunzTarPerm extractEntry test/helpers/macros.js
427 silly gunzTarPerm modified mode [ 'test/helpers/macros.js', 420, 436 ]
428 silly gunzTarPerm extractEntry examples/cli-multiple-start
429 silly gunzTarPerm modified mode [ 'examples/cli-multiple-start', 493, 509 ]
430 silly gunzTarPerm extractEntry lib/index.js
431 silly gunzTarPerm modified mode [ 'lib/index.js', 420, 436 ]
432 silly gunzTarPerm extractEntry test/clobber.js
433 silly gunzTarPerm modified mode [ 'test/clobber.js', 420, 436 ]
434 silly gunzTarPerm extractEntry test/umask_sync.js
435 silly gunzTarPerm modified mode [ 'test/umask_sync.js', 420, 436 ]
436 silly gunzTarPerm extractEntry lib/forever-monitor/common.js
437 silly gunzTarPerm modified mode [ 'lib/forever-monitor/common.js', 420, 436 ]
438 silly gunzTarPerm extractEntry lib/forever-monitor/monitor.js
439 silly gunzTarPerm modified mode [ 'lib/forever-monitor/monitor.js', 493, 509 ]
440 silly gunzTarPerm extractEntry test/race.js
441 silly gunzTarPerm modified mode [ 'test/race.js', 420, 436 ]
442 silly gunzTarPerm extractEntry lib/forever-monitor/plugins/index.js
443 silly gunzTarPerm modified mode [ 'lib/forever-monitor/plugins/index.js', 420, 436 ]
444 silly gunzTarPerm extractEntry lib/forever-monitor/plugins/logger.js
445 silly gunzTarPerm modified mode [ 'lib/forever-monitor/plugins/logger.js', 420, 436 ]
446 silly gunzTarPerm extractEntry lib/forever-monitor/plugins/watch.js
447 silly gunzTarPerm modified mode [ 'lib/forever-monitor/plugins/watch.js', 420, 436 ]
448 silly gunzTarPerm extractEntry test/core/check-process-test.js
449 silly gunzTarPerm modified mode [ 'test/core/check-process-test.js', 420, 436 ]
450 silly gunzTarPerm extractEntry test/fixtures/fork.js
451 silly gunzTarPerm modified mode [ 'test/fixtures/fork.js', 420, 436 ]
452 silly gunzTarPerm extractEntry test/fixtures/gc.js
453 silly gunzTarPerm modified mode [ 'test/fixtures/gc.js', 420, 436 ]
454 silly gunzTarPerm extractEntry test/fixtures/logs.js
455 silly gunzTarPerm modified mode [ 'test/fixtures/logs.js', 420, 436 ]
456 silly gunzTarPerm extractEntry test/fixtures/send-pong.js
457 silly gunzTarPerm modified mode [ 'test/fixtures/send-pong.js', 420, 436 ]
458 silly gentlyRm /home/vagrant/projects/apps/node_modules/.staging/minimist-1b0f21bf/node_modules is being purged
459 verbose gentlyRm don't care about contents; nuking /home/vagrant/projects/apps/node_modules/.staging/minimist-1b0f21bf/node_modules
460 silly gunzTarPerm extractEntry test/fixtures/testnode
461 silly gunzTarPerm modified mode [ 'test/fixtures/testnode', 493, 509 ]
462 silly gunzTarPerm extractEntry test/fixtures/watch/daemon.js
463 silly gunzTarPerm modified mode [ 'test/fixtures/watch/daemon.js', 420, 436 ]
464 silly gunzTarPerm extractEntry test/fixtures/watch/.foreverignore
465 silly gunzTarPerm modified mode [ 'test/fixtures/watch/.foreverignore', 420, 436 ]
466 silly gunzTarPerm extractEntry test/fixtures/watch/file
467 silly gunzTarPerm modified mode [ 'test/fixtures/watch/file', 420, 436 ]
468 silly gunzTarPerm extractEntry test/fixtures/watch/ignoredDir/file
469 silly gunzTarPerm modified mode [ 'test/fixtures/watch/ignoredDir/file', 420, 436 ]
470 silly gunzTarPerm extractEntry test/fixtures/watch/removeMe
471 silly gunzTarPerm modified mode [ 'test/fixtures/watch/removeMe', 420, 436 ]
472 silly gunzTarPerm extractEntry test/helpers/macros.js
473 silly gunzTarPerm modified mode [ 'test/helpers/macros.js', 420, 436 ]
474 silly gunzTarPerm extractEntry test/monitor/env-spawn-test.js
475 silly gunzTarPerm modified mode [ 'test/monitor/env-spawn-test.js', 420, 436 ]
476 silly gunzTarPerm extractEntry test/monitor/fork-test.js
477 silly gunzTarPerm modified mode [ 'test/monitor/fork-test.js', 420, 436 ]
478 silly gunzTarPerm extractEntry test/monitor/send-test.js
479 silly gunzTarPerm modified mode [ 'test/monitor/send-test.js', 420, 436 ]
480 silly gunzTarPerm extractEntry test/monitor/signal-test.js
481 silly gunzTarPerm modified mode [ 'test/monitor/signal-test.js', 420, 436 ]
482 silly gunzTarPerm extractEntry test/monitor/simple-test.js
483 silly gunzTarPerm modified mode [ 'test/monitor/simple-test.js', 420, 436 ]
484 silly gunzTarPerm extractEntry test/monitor/spin-test.js
485 silly gunzTarPerm modified mode [ 'test/monitor/spin-test.js', 420, 436 ]
486 silly gunzTarPerm extractEntry test/monitor/start-stop-test.js
487 silly gunzTarPerm modified mode [ 'test/monitor/start-stop-test.js', 420, 436 ]
488 silly gunzTarPerm extractEntry test/plugins/logger-test.js
489 silly gunzTarPerm modified mode [ 'test/plugins/logger-test.js', 420, 436 ]
490 silly gunzTarPerm extractEntry test/plugins/watch-test.js
491 silly gunzTarPerm modified mode [ 'test/plugins/watch-test.js', 420, 436 ]
492 silly gentlyRm /home/vagrant/projects/apps/node_modules/.staging/utile-8c2047ba/node_modules is being purged
493 verbose gentlyRm don't care about contents; nuking /home/vagrant/projects/apps/node_modules/.staging/utile-8c2047ba/node_modules
494 silly gentlyRm /home/vagrant/projects/apps/node_modules/.staging/mkdirp-10f850ae/node_modules is being purged
495 verbose gentlyRm don't care about contents; nuking /home/vagrant/projects/apps/node_modules/.staging/mkdirp-10f850ae/node_modules
496 silly gentlyRm /home/vagrant/projects/apps/node_modules/.staging/forever-monitor-74f52a38/node_modules is being purged
497 verbose gentlyRm don't care about contents; nuking /home/vagrant/projects/apps/node_modules/.staging/forever-monitor-74f52a38/node_modules
498 silly doParallel preinstall 4
499 silly preinstall minimist@0.0.8 /home/vagrant/projects/apps/node_modules/.staging/minimist-1b0f21bf
500 info lifecycle minimist@0.0.8~preinstall: minimist@0.0.8
501 silly preinstall mkdirp@0.5.1 /home/vagrant/projects/apps/node_modules/.staging/mkdirp-10f850ae
502 info lifecycle mkdirp@0.5.1~preinstall: mkdirp@0.5.1
503 silly preinstall utile@0.2.1 /home/vagrant/projects/apps/node_modules/.staging/utile-8c2047ba
504 info lifecycle utile@0.2.1~preinstall: utile@0.2.1
505 silly preinstall forever-monitor@1.7.0 /home/vagrant/projects/apps/node_modules/.staging/forever-monitor-74f52a38
506 info lifecycle forever-monitor@1.7.0~preinstall: forever-monitor@1.7.0
507 silly lifecycle mkdirp@0.5.1~preinstall: no script for preinstall, continuing
508 silly lifecycle minimist@0.0.8~preinstall: no script for preinstall, continuing
509 silly lifecycle utile@0.2.1~preinstall: no script for preinstall, continuing
510 silly lifecycle forever-monitor@1.7.0~preinstall: no script for preinstall, continuing
511 silly doReverseSerial remove 0
512 silly doSerial move 0
513 silly doSerial finalize 4
514 silly finalize /home/vagrant/projects/apps/node_modules/mkdirp/node_modules/minimist
515 silly finalize /home/vagrant/projects/apps/node_modules/mkdirp
516 silly finalize /home/vagrant/projects/apps/node_modules/utile
517 silly finalize /home/vagrant/projects/apps/node_modules/forever-monitor
518 silly doSerial build 4
519 silly build minimist@0.0.8
520 info linkStuff minimist@0.0.8
521 silly linkStuff minimist@0.0.8 has /home/vagrant/projects/apps/node_modules/mkdirp/node_modules as its parent node_modules
522 verbose linkBins minimist@0.0.8
523 verbose linkMans minimist@0.0.8
524 silly build mkdirp@0.5.1
525 info linkStuff mkdirp@0.5.1
526 silly linkStuff mkdirp@0.5.1 has /home/vagrant/projects/apps/node_modules as its parent node_modules
527 verbose linkBins mkdirp@0.5.1
528 verbose link bins [ { mkdirp: 'bin/cmd.js' },
528 verbose link bins   '/home/vagrant/projects/apps/node_modules/.bin',
528 verbose link bins   false ]
529 verbose linkMans mkdirp@0.5.1
530 silly gentlyRm /home/vagrant/projects/apps/node_modules/.bin/mkdirp is being purged
531 verbose gentlyRm don't care about contents; nuking /home/vagrant/projects/apps/node_modules/.bin/mkdirp
532 verbose unlock done using /home/vagrant/.npm/_locks/staging-f7a056ec149ffb83.lock for /home/vagrant/projects/apps/node_modules/.staging
533 silly rollbackFailedOptional Starting
534 silly rollbackFailedOptional Finishing
535 silly runTopLevelLifecycles Starting
536 silly runTopLevelLifecycles Finishing
537 silly install printInstalled
538 warn optional Skipping failed optional dependency /chokidar/fsevents:
539 warn notsup Not compatible with your operating system or architecture: fsevents@1.0.14
540 verbose stack Error: EPROTO: protocol error, symlink '../mkdirp/bin/cmd.js' -> '/home/vagrant/projects/apps/node_modules/.bin/mkdirp'
540 verbose stack     at Error (native)
541 verbose cwd /home/vagrant/projects/apps
542 error Linux 3.19.0-25-generic
543 error argv "/usr/bin/nodejs" "/usr/bin/npm" "install" "forever-monitor"
544 error node v5.10.1
545 error npm  v3.8.3
546 error path ../mkdirp/bin/cmd.js
547 error code EPROTO
548 error errno -71
549 error syscall symlink
550 error EPROTO: protocol error, symlink '../mkdirp/bin/cmd.js' -> '/home/vagrant/projects/apps/node_modules/.bin/mkdirp'
551 error If you need help, you may report this error at:
551 error     <https://github.com/npm/npm/issues>
552 verbose exit [ -71, true ]
